[2025-07-25T15:37:41.697+07:00] [info]: Server is listening on port: 8000
[2025-07-25T15:40:13.865+07:00] [info]: Server is listening on port: 8000
[2025-07-25T15:40:28.007+07:00] [info]: Server is listening on port: 8000
[2025-07-25T15:40:31.514+07:00] [info]: Server is listening on port: 8000
[2025-07-25T15:40:36.194+07:00] [info]: Server is listening on port: 8000
[2025-07-25T15:40:47.176+07:00] [info]: Server is listening on port: 8000
[2025-07-25T15:42:11.379+07:00] [info]: Server is listening on port: 8000
[2025-07-25T15:42:17.114+07:00] [info]: Server is listening on port: 8000
[2025-07-25T15:42:22.823+07:00] [info]: Server is listening on port: 8000
[2025-07-25T15:42:58.981+07:00] [info]: Server is listening on port: 8000
[2025-07-25T15:43:02.829+07:00] [info]: Server is listening on port: 8000
[2025-07-25T15:43:16.325+07:00] [info]: Server is listening on port: 8000
[2025-07-25T15:58:54.325+07:00] [info]: Server is listening on port: undefined
[2025-07-25T15:58:59.105+07:00] [info]: Server is listening on port: 8000
[2025-07-25T15:59:53.585+07:00] [info]: Server is listening on port: 8888
[2025-07-25T16:00:17.272+07:00] [info]: Server is listening on port: 8888
[2025-07-30T17:05:16.587+07:00] [info]: Server is listening on port: 8000
[2025-07-30T17:07:19.929+07:00] [error]: Expected double-quoted property name in JSON at position 137 (line 6 column 1)
[2025-07-30T17:07:32.672+07:00] [error]: Cannot read properties of undefined (reading 'authService')
[2025-07-30T17:08:24.586+07:00] [info]: Server is listening on port: 8000
[2025-07-30T17:08:43.598+07:00] [info]: Server is listening on port: 8000
[2025-07-30T17:10:05.809+07:00] [error]: 
Invalid `tx.coupon.create()` invocation in
/home/blackie/insider/purwadhika/jcwd-0708/03-backend/exercises/10-minpro-referral/src/services/referral.service.ts:29:23

  26   },
  27 });
  28 
→ 29 await tx.coupon.create(
The provided value for the column is too long for the column's type. Column: (not available)
[2025-07-30T17:11:22.774+07:00] [info]: Server is listening on port: 8000
[2025-07-30T17:13:00.299+07:00] [info]: Server is listening on port: 8000
[2025-07-30T17:13:17.725+07:00] [error]: 
Invalid `prisma.user.create()` invocation in
/home/blackie/insider/purwadhika/jcwd-0708/03-backend/exercises/10-minpro-referral/src/services/auth.service.ts:28:36

  25   profilePic,
  26   referredReferralCode,
  27 }: CreateUserInput) {
→ 28   const user = await prisma.user.create(
Unique constraint failed on the fields: (`email`)
[2025-08-01T16:20:59.607+07:00] [info]: Server is listening on port: 8000
[2025-08-01T17:05:07.216+07:00] [info]: Server is listening on port: 8000
